<?xml version="1.0" encoding="UTF-8"?>
<!-- Generated by org.testng.reporters.JUnitReportReporter -->
<testsuite hostname="LAPTOP-2Q47I0S4" failures="0" tests="1" name="gmailAPI.restAssured.GetTestClass" time="3.076" errors="0" timestamp="2020-12-29T22:45:13 IST" skipped="0">
  <testcase classname="gmailAPI.restAssured.GetTestClass" name="verifyGetAtleastHundredRecords" time="3.076"/>
  <system-out>
Total number of mail in the inbox:13 176a92bbc077c367 1768fe743a96776a 1768f154f53066dc 17666317078f3761 17665f67fd6a0c19 1766596c160499aa 17665898bcd1f377 17664937d8a34b9f 1765042c9c4bd37c 17646da51d95b217 1761dce8a363defc 17617766f1d9b8a0 17602f5a64126759  </system-out>
</testsuite> <!-- gmailAPI.restAssured.GetTestClass -->
